2025-08-29 20:50:27,617 - INFO - ====== WebDriver manager ======
2025-08-29 20:50:27,995 - INFO - Get LATEST chromedriver version for google-chrome
2025-08-29 20:50:28,729 - INFO - Get LATEST chromedriver version for google-chrome
2025-08-29 20:50:29,500 - INFO - There is no [mac64] chromedriver "139.0.7258.154" for browser google-chrome "139.0.7258" in cache
2025-08-29 20:50:29,514 - INFO - Get LATEST chromedriver version for google-chrome
2025-08-29 20:50:31,181 - INFO - WebDriver version 139.0.7258.154 selected
2025-08-29 20:50:31,186 - INFO - Modern chrome version https://storage.googleapis.com/chrome-for-testing-public/139.0.7258.154/mac-x64/chromedriver-mac-x64.zip
2025-08-29 20:50:31,186 - INFO - About to download new driver from https://storage.googleapis.com/chrome-for-testing-public/139.0.7258.154/mac-x64/chromedriver-mac-x64.zip
2025-08-29 20:50:31,897 - INFO - Driver downloading response is 200
2025-08-29 20:50:53,175 - INFO - Get LATEST chromedriver version for google-chrome
2025-08-29 20:51:05,190 - INFO - Driver has been saved in cache [/Users/amin/.wdm/drivers/chromedriver/mac64/139.0.7258.154]
2025-08-29 20:51:07,836 - INFO - Chrome driver initialized successfully
2025-08-29 20:51:07,837 - INFO - Searching TikTok for subject: baby fun moments
2025-08-29 20:51:51,136 - INFO - Found 5 videos for subject: baby fun moments
2025-08-29 20:51:51,157 - INFO - Excel file saved: downloads/baby_fun_moments_videos_20250829_205151.xlsx
2025-08-29 20:51:51,386 - INFO - Web driver closed
2025-08-29 20:57:35,483 - INFO - ====== WebDriver manager ======
2025-08-29 20:57:35,892 - INFO - Get LATEST chromedriver version for google-chrome
2025-08-29 20:57:36,618 - INFO - Get LATEST chromedriver version for google-chrome
2025-08-29 20:57:37,334 - INFO - Driver [/Users/amin/.wdm/drivers/chromedriver/mac64/139.0.7258.154/chromedriver-mac-x64/chromedriver] found in cache
2025-08-29 20:57:38,863 - INFO - Chrome driver initialized successfully
2025-08-29 20:57:38,864 - INFO - Searching TikTok for subject: baby fun moments
2025-08-29 20:58:11,450 - INFO - Found 6 videos for subject: baby fun moments
2025-08-29 20:58:11,483 - INFO - Excel file saved: downloads/baby_fun_moments_videos_20250829_205811.xlsx
2025-08-29 20:58:11,788 - INFO - Web driver closed
